HR@orcl> /

no rows selected

HR@orcl> ed
Wrote file afiedt.buf

  1  SELECT employee_id FROM employees
  2  MINUS
  3* SELECT employee_id FROM job_history
HR@orcl> /

EMPLOYEE_ID                                                                     
-----------                                                                     
        100                                                                     
        103                                                                     
        104                                                                     
        105                                                                     
        106                                                                     
        107                                                                     
        108                                                                     
        109                                                                     
        110                                                                     
        111                                                                     
        112                                                                     

EMPLOYEE_ID                                                                     
-----------                                                                     
        113                                                                     
        115                                                                     
        116                                                                     
        117                                                                     
        118                                                                     
        119                                                                     
        120                                                                     
        121                                                                     
        123                                                                     
        124                                                                     
        125                                                                     

EMPLOYEE_ID                                                                     
-----------                                                                     
        126                                                                     
        127                                                                     
        128                                                                     
        129                                                                     
        130                                                                     
        131                                                                     
        132                                                                     
        133                                                                     
        134                                                                     
        135                                                                     
        136                                                                     

EMPLOYEE_ID                                                                     
-----------                                                                     
        137                                                                     
        138                                                                     
        139                                                                     
        140                                                                     
        141                                                                     
        142                                                                     
        143                                                                     
        144                                                                     
        145                                                                     
        146                                                                     
        147                                                                     

EMPLOYEE_ID                                                                     
-----------                                                                     
        148                                                                     
        149                                                                     
        150                                                                     
        151                                                                     
        152                                                                     
        153                                                                     
        154                                                                     
        155                                                                     
        156                                                                     
        157                                                                     
        158                                                                     

EMPLOYEE_ID                                                                     
-----------                                                                     
        159                                                                     
        160                                                                     
        161                                                                     
        162                                                                     
        163                                                                     
        164                                                                     
        165                                                                     
        166                                                                     
        167                                                                     
        168                                                                     
        169                                                                     

EMPLOYEE_ID                                                                     
-----------                                                                     
        170                                                                     
        171                                                                     
        172                                                                     
        173                                                                     
        174                                                                     
        175                                                                     
        177                                                                     
        178                                                                     
        179                                                                     
        180                                                                     
        181                                                                     

EMPLOYEE_ID                                                                     
-----------                                                                     
        182                                                                     
        183                                                                     
        184                                                                     
        185                                                                     
        186                                                                     
        187                                                                     
        188                                                                     
        189                                                                     
        190                                                                     
        191                                                                     
        192                                                                     

EMPLOYEE_ID                                                                     
-----------                                                                     
        193                                                                     
        194                                                                     
        195                                                                     
        196                                                                     
        197                                                                     
        198                                                                     
        199                                                                     
        202                                                                     
        203                                                                     
        204                                                                     
        205                                                                     

EMPLOYEE_ID                                                                     
-----------                                                                     
        206                                                                     

100 rows selected.

HR@orcl> ed
Wrote file afiedt.buf

  1  SELECT employee_id FROM job_history
  2  MINUS
  3* SELECT employee_id FROM employees
HR@orcl> /

no rows selected

HR@orcl> SELECT employee_id, department_name, hire_date
  2  FROM employees
  3  UNION
  4  SELECT department_id, department_name, hire_date
  5  FROM departments;
SELECT employee_id, department_name, hire_date
                    *
ERROR at line 1:
ORA-00904: "DEPARTMENT_NAME": invalid identifier 


HR@orcl> ed
Wrote file afiedt.buf

  1  SELECT employee_id, TO_CHAR(null) department_name, hire_date
  2  FROM employees
  3  UNION
  4  SELECT department_id, department_name, TO_DATE(null)
  5* FROM departments
HR@orcl> /

EMPLOYEE_ID DEPARTMENT_NAME                HIRE_DATE                            
----------- ------------------------------ ---------                            
         10 Administration                                                      
         20 Marketing                                                           
         30 Purchasing                                                          
         40 Human Resources                                                     
         50 Shipping                                                            
         60 IT                                                                  
         70 Public Relations                                                    
         80 Sales                                                               
         90 Executive                                                           
        100 Finance                                                             
        100                                17-JUN-03                            

EMPLOYEE_ID DEPARTMENT_NAME                HIRE_DATE                            
----------- ------------------------------ ---------                            
        101                                21-SEP-05                            
        102                                13-JAN-01                            
        103                                03-JAN-06                            
        104                                21-MAY-07                            
        105                                25-JUN-05                            
        106                                05-FEB-06                            
        107                                07-FEB-07                            
        108                                17-AUG-02                            
        109                                16-AUG-02                            
        110 Accounting                                                          
        110                                28-SEP-05                            

EMPLOYEE_ID DEPARTMENT_NAME                HIRE_DATE                            
----------- ------------------------------ ---------                            
        111                                30-SEP-05                            
        112                                07-MAR-06                            
        113                                07-DEC-07                            
        114                                07-DEC-02                            
        115                                18-MAY-03                            
        116                                24-DEC-05                            
        117                                24-JUL-05                            
        118                                15-NOV-06                            
        119                                10-AUG-07                            
        120 Treasury                                                            
        120                                18-JUL-04                            

EMPLOYEE_ID DEPARTMENT_NAME                HIRE_DATE                            
----------- ------------------------------ ---------                            
        121                                10-APR-05                            
        122                                01-MAY-03                            
        123                                10-OCT-05                            
        124                                16-NOV-07                            
        125                                16-JUL-05                            
        126                                28-SEP-06                            
        127                                14-JAN-07                            
        128                                08-MAR-08                            
        129                                20-AUG-05                            
        130 Corporate Tax                                                       
        130                                30-OCT-05                            

EMPLOYEE_ID DEPARTMENT_NAME                HIRE_DATE                            
----------- ------------------------------ ---------                            
        131                                16-FEB-05                            
        132                                10-APR-07                            
        133                                14-JUN-04                            
        134                                26-AUG-06                            
        135                                12-DEC-07                            
        136                                06-FEB-08                            
        137                                14-JUL-03                            
        138                                26-OCT-05                            
        139                                12-FEB-06                            
        140 Control And Credit                                                  
        140                                06-APR-06                            

EMPLOYEE_ID DEPARTMENT_NAME                HIRE_DATE                            
----------- ------------------------------ ---------                            
        141                                17-OCT-03                            
        142                                29-JAN-05                            
        143                                15-MAR-06                            
        144                                09-JUL-06                            
        145                                01-OCT-04                            
        146                                05-JAN-05                            
        147                                10-MAR-05                            
        148                                15-OCT-07                            
        149                                29-JAN-08                            
        150 Shareholder Services                                                
        150                                30-JAN-05                            

EMPLOYEE_ID DEPARTMENT_NAME                HIRE_DATE                            
----------- ------------------------------ ---------                            
        151                                24-MAR-05                            
        152                                20-AUG-05                            
        153                                30-MAR-06                            
        154                                09-DEC-06                            
        155                                23-NOV-07                            
        156                                30-JAN-04                            
        157                                04-MAR-04                            
        158                                01-AUG-04                            
        159                                10-MAR-05                            
        160 Benefits                                                            
        160                                15-DEC-05                            

EMPLOYEE_ID DEPARTMENT_NAME                HIRE_DATE                            
----------- ------------------------------ ---------                            
        161                                03-NOV-06                            
        162                                11-NOV-05                            
        163                                19-MAR-07                            
        164                                24-JAN-08                            
        165                                23-FEB-08                            
        166                                24-MAR-08                            
        167                                21-APR-08                            
        168                                11-MAR-05                            
        169                                23-MAR-06                            
        170 Manufacturing                                                       
        170                                24-JAN-06                            

EMPLOYEE_ID DEPARTMENT_NAME                HIRE_DATE                            
----------- ------------------------------ ---------                            
        171                                23-FEB-07                            
        172                                24-MAR-07                            
        173                                21-APR-08                            
        174                                11-MAY-04                            
        175                                19-MAR-05                            
        176                                24-MAR-06                            
        177                                23-APR-06                            
        178                                24-MAY-07                            
        179                                04-JAN-08                            
        180 Construction                                                        
        180                                24-JAN-06                            

EMPLOYEE_ID DEPARTMENT_NAME                HIRE_DATE                            
----------- ------------------------------ ---------                            
        181                                23-FEB-06                            
        182                                21-JUN-07                            
        183                                03-FEB-08                            
        184                                27-JAN-04                            
        185                                20-FEB-05                            
        186                                24-JUN-06                            
        187                                07-FEB-07                            
        188                                14-JUN-05                            
        189                                13-AUG-05                            
        190 Contracting                                                         
        190                                11-JUL-06                            

EMPLOYEE_ID DEPARTMENT_NAME                HIRE_DATE                            
----------- ------------------------------ ---------                            
        191                                19-DEC-07                            
        192                                04-FEB-04                            
        193                                03-MAR-05                            
        194                                01-JUL-06                            
        195                                17-MAR-07                            
        196                                24-APR-06                            
        197                                23-MAY-06                            
        198                                21-JUN-07                            
        199                                13-JAN-08                            
        200 Operations                                                          
        200                                17-SEP-03                            

EMPLOYEE_ID DEPARTMENT_NAME                HIRE_DATE                            
----------- ------------------------------ ---------                            
        201                                17-FEB-04                            
        202                                17-AUG-05                            
        203                                07-JUN-02                            
        204                                07-JUN-02                            
        205                                07-JUN-02                            
        206                                07-JUN-02                            
        210 IT Support                                                          
        220 NOC                                                                 
        230 IT Helpdesk                                                         
        240 Government Sales                                                    
        250 Retail Sales                                                        

EMPLOYEE_ID DEPARTMENT_NAME                HIRE_DATE                            
----------- ------------------------------ ---------                            
        260 Recruiting                                                          
        270 Payroll                                                             

134 rows selected.

HR@orcl> ed
Wrote file afiedt.buf

  1  SELECT employee_id, TO_CHAR(null) department_name, hire_date, 2 aaa
  2  FROM employees
  3  UNION
  4  SELECT department_id, department_name, TO_DATE(null), 1
  5  FROM departments
  6* ORDER BY 4
HR@orcl> /

EMPLOYEE_ID DEPARTMENT_NAME                HIRE_DATE        AAA                 
----------- ------------------------------ --------- ----------                 
         10 Administration                                    1                 
         20 Marketing                                         1                 
         30 Purchasing                                        1                 
         40 Human Resources                                   1                 
         50 Shipping                                          1                 
         60 IT                                                1                 
         70 Public Relations                                  1                 
         80 Sales                                             1                 
         90 Executive                                         1                 
        100 Finance                                           1                 
        110 Accounting                                        1                 

EMPLOYEE_ID DEPARTMENT_NAME                HIRE_DATE        AAA                 
----------- ------------------------------ --------- ----------                 
        120 Treasury                                          1                 
        130 Corporate Tax                                     1                 
        140 Control And Credit                                1                 
        150 Shareholder Services                              1                 
        160 Benefits                                          1                 
        170 Manufacturing                                     1                 
        180 Construction                                      1                 
        190 Contracting                                       1                 
        200 Operations                                        1                 
        210 IT Support                                        1                 
        220 NOC                                               1                 

EMPLOYEE_ID DEPARTMENT_NAME                HIRE_DATE        AAA                 
----------- ------------------------------ --------- ----------                 
        230 IT Helpdesk                                       1                 
        240 Government Sales                                  1                 
        250 Retail Sales                                      1                 
        260 Recruiting                                        1                 
        270 Payroll                                           1                 
        100                                17-JUN-03          2                 
        101                                21-SEP-05          2                 
        102                                13-JAN-01          2                 
        103                                03-JAN-06          2                 
        104                                21-MAY-07          2                 
        105                                25-JUN-05          2                 

EMPLOYEE_ID DEPARTMENT_NAME                HIRE_DATE        AAA                 
----------- ------------------------------ --------- ----------                 
        106                                05-FEB-06          2                 
        107                                07-FEB-07          2                 
        108                                17-AUG-02          2                 
        109                                16-AUG-02          2                 
        110                                28-SEP-05          2                 
        111                                30-SEP-05          2                 
        112                                07-MAR-06          2                 
        113                                07-DEC-07          2                 
        114                                07-DEC-02          2                 
        115                                18-MAY-03          2                 
        116                                24-DEC-05          2                 

EMPLOYEE_ID DEPARTMENT_NAME                HIRE_DATE        AAA                 
----------- ------------------------------ --------- ----------                 
        117                                24-JUL-05          2                 
        118                                15-NOV-06          2                 
        119                                10-AUG-07          2                 
        120                                18-JUL-04          2                 
        121                                10-APR-05          2                 
        122                                01-MAY-03          2                 
        123                                10-OCT-05          2                 
        124                                16-NOV-07          2                 
        125                                16-JUL-05          2                 
        126                                28-SEP-06          2                 
        127                                14-JAN-07          2                 

EMPLOYEE_ID DEPARTMENT_NAME                HIRE_DATE        AAA                 
----------- ------------------------------ --------- ----------                 
        128                                08-MAR-08          2                 
        129                                20-AUG-05          2                 
        130                                30-OCT-05          2                 
        131                                16-FEB-05          2                 
        132                                10-APR-07          2                 
        133                                14-JUN-04          2                 
        134                                26-AUG-06          2                 
        135                                12-DEC-07          2                 
        136                                06-FEB-08          2                 
        137                                14-JUL-03          2                 
        138                                26-OCT-05          2                 

EMPLOYEE_ID DEPARTMENT_NAME                HIRE_DATE        AAA                 
----------- ------------------------------ --------- ----------                 
        139                                12-FEB-06          2                 
        140                                06-APR-06          2                 
        141                                17-OCT-03          2                 
        142                                29-JAN-05          2                 
        143                                15-MAR-06          2                 
        144                                09-JUL-06          2                 
        145                                01-OCT-04          2                 
        146                                05-JAN-05          2                 
        147                                10-MAR-05          2                 
        148                                15-OCT-07          2                 
        149                                29-JAN-08          2                 

EMPLOYEE_ID DEPARTMENT_NAME                HIRE_DATE        AAA                 
----------- ------------------------------ --------- ----------                 
        150                                30-JAN-05          2                 
        151                                24-MAR-05          2                 
        152                                20-AUG-05          2                 
        153                                30-MAR-06          2                 
        154                                09-DEC-06          2                 
        155                                23-NOV-07          2                 
        156                                30-JAN-04          2                 
        157                                04-MAR-04          2                 
        158                                01-AUG-04          2                 
        159                                10-MAR-05          2                 
        160                                15-DEC-05          2                 

EMPLOYEE_ID DEPARTMENT_NAME                HIRE_DATE        AAA                 
----------- ------------------------------ --------- ----------                 
        161                                03-NOV-06          2                 
        162                                11-NOV-05          2                 
        163                                19-MAR-07          2                 
        164                                24-JAN-08          2                 
        165                                23-FEB-08          2                 
        166                                24-MAR-08          2                 
        167                                21-APR-08          2                 
        168                                11-MAR-05          2                 
        169                                23-MAR-06          2                 
        170                                24-JAN-06          2                 
        171                                23-FEB-07          2                 

EMPLOYEE_ID DEPARTMENT_NAME                HIRE_DATE        AAA                 
----------- ------------------------------ --------- ----------                 
        172                                24-MAR-07          2                 
        173                                21-APR-08          2                 
        174                                11-MAY-04          2                 
        175                                19-MAR-05          2                 
        176                                24-MAR-06          2                 
        177                                23-APR-06          2                 
        178                                24-MAY-07          2                 
        179                                04-JAN-08          2                 
        180                                24-JAN-06          2                 
        181                                23-FEB-06          2                 
        182                                21-JUN-07          2                 

EMPLOYEE_ID DEPARTMENT_NAME                HIRE_DATE        AAA                 
----------- ------------------------------ --------- ----------                 
        183                                03-FEB-08          2                 
        184                                27-JAN-04          2                 
        185                                20-FEB-05          2                 
        186                                24-JUN-06          2                 
        187                                07-FEB-07          2                 
        188                                14-JUN-05          2                 
        189                                13-AUG-05          2                 
        190                                11-JUL-06          2                 
        191                                19-DEC-07          2                 
        192                                04-FEB-04          2                 
        193                                03-MAR-05          2                 

EMPLOYEE_ID DEPARTMENT_NAME                HIRE_DATE        AAA                 
----------- ------------------------------ --------- ----------                 
        194                                01-JUL-06          2                 
        195                                17-MAR-07          2                 
        196                                24-APR-06          2                 
        197                                23-MAY-06          2                 
        198                                21-JUN-07          2                 
        199                                13-JAN-08          2                 
        200                                17-SEP-03          2                 
        201                                17-FEB-04          2                 
        202                                17-AUG-05          2                 
        203                                07-JUN-02          2                 
        204                                07-JUN-02          2                 

EMPLOYEE_ID DEPARTMENT_NAME                HIRE_DATE        AAA                 
----------- ------------------------------ --------- ----------                 
        205                                07-JUN-02          2                 
        206                                07-JUN-02          2                 

134 rows selected.

HR@orcl> col AAA noprint
HR@orcl> /

EMPLOYEE_ID DEPARTMENT_NAME                HIRE_DATE                            
----------- ------------------------------ ---------                            
         10 Administration                                                      
         20 Marketing                                                           
         30 Purchasing                                                          
         40 Human Resources                                                     
         50 Shipping                                                            
         60 IT                                                                  
         70 Public Relations                                                    
         80 Sales                                                               
         90 Executive                                                           
        100 Finance                                                             
        110 Accounting                                                          

EMPLOYEE_ID DEPARTMENT_NAME                HIRE_DATE                            
----------- ------------------------------ ---------                            
        120 Treasury                                                            
        130 Corporate Tax                                                       
        140 Control And Credit                                                  
        150 Shareholder Services                                                
        160 Benefits                                                            
        170 Manufacturing                                                       
        180 Construction                                                        
        190 Contracting                                                         
        200 Operations                                                          
        210 IT Support                                                          
        220 NOC                                                                 

EMPLOYEE_ID DEPARTMENT_NAME                HIRE_DATE                            
----------- ------------------------------ ---------                            
        230 IT Helpdesk                                                         
        240 Government Sales                                                    
        250 Retail Sales                                                        
        260 Recruiting                                                          
        270 Payroll                                                             
        100                                17-JUN-03                            
        101                                21-SEP-05                            
        102                                13-JAN-01                            
        103                                03-JAN-06                            
        104                                21-MAY-07                            
        105                                25-JUN-05                            

EMPLOYEE_ID DEPARTMENT_NAME                HIRE_DATE                            
----------- ------------------------------ ---------                            
        106                                05-FEB-06                            
        107                                07-FEB-07                            
        108                                17-AUG-02                            
        109                                16-AUG-02                            
        110                                28-SEP-05                            
        111                                30-SEP-05                            
        112                                07-MAR-06                            
        113                                07-DEC-07                            
        114                                07-DEC-02                            
        115                                18-MAY-03                            
        116                                24-DEC-05                            

EMPLOYEE_ID DEPARTMENT_NAME                HIRE_DATE                            
----------- ------------------------------ ---------                            
        117                                24-JUL-05                            
        118                                15-NOV-06                            
        119                                10-AUG-07                            
        120                                18-JUL-04                            
        121                                10-APR-05                            
        122                                01-MAY-03                            
        123                                10-OCT-05                            
        124                                16-NOV-07                            
        125                                16-JUL-05                            
        126                                28-SEP-06                            
        127                                14-JAN-07                            

EMPLOYEE_ID DEPARTMENT_NAME                HIRE_DATE                            
----------- ------------------------------ ---------                            
        128                                08-MAR-08                            
        129                                20-AUG-05                            
        130                                30-OCT-05                            
        131                                16-FEB-05                            
        132                                10-APR-07                            
        133                                14-JUN-04                            
        134                                26-AUG-06                            
        135                                12-DEC-07                            
        136                                06-FEB-08                            
        137                                14-JUL-03                            
        138                                26-OCT-05                            

EMPLOYEE_ID DEPARTMENT_NAME                HIRE_DATE                            
----------- ------------------------------ ---------                            
        139                                12-FEB-06                            
        140                                06-APR-06                            
        141                                17-OCT-03                            
        142                                29-JAN-05                            
        143                                15-MAR-06                            
        144                                09-JUL-06                            
        145                                01-OCT-04                            
        146                                05-JAN-05                            
        147                                10-MAR-05                            
        148                                15-OCT-07                            
        149                                29-JAN-08                            

EMPLOYEE_ID DEPARTMENT_NAME                HIRE_DATE                            
----------- ------------------------------ ---------                            
        150                                30-JAN-05                            
        151                                24-MAR-05                            
        152                                20-AUG-05                            
        153                                30-MAR-06                            
        154                                09-DEC-06                            
        155                                23-NOV-07                            
        156                                30-JAN-04                            
        157                                04-MAR-04                            
        158                                01-AUG-04                            
        159                                10-MAR-05                            
        160                                15-DEC-05                            

EMPLOYEE_ID DEPARTMENT_NAME                HIRE_DATE                            
----------- ------------------------------ ---------                            
        161                                03-NOV-06                            
        162                                11-NOV-05                            
        163                                19-MAR-07                            
        164                                24-JAN-08                            
        165                                23-FEB-08                            
        166                                24-MAR-08                            
        167                                21-APR-08                            
        168                                11-MAR-05                            
        169                                23-MAR-06                            
        170                                24-JAN-06                            
        171                                23-FEB-07                            

EMPLOYEE_ID DEPARTMENT_NAME                HIRE_DATE                            
----------- ------------------------------ ---------                            
        172                                24-MAR-07                            
        173                                21-APR-08                            
        174                                11-MAY-04                            
        175                                19-MAR-05                            
        176                                24-MAR-06                            
        177                                23-APR-06                            
        178                                24-MAY-07                            
        179                                04-JAN-08                            
        180                                24-JAN-06                            
        181                                23-FEB-06                            
        182                                21-JUN-07                            

EMPLOYEE_ID DEPARTMENT_NAME                HIRE_DATE                            
----------- ------------------------------ ---------                            
        183                                03-FEB-08                            
        184                                27-JAN-04                            
        185                                20-FEB-05                            
        186                                24-JUN-06                            
        187                                07-FEB-07                            
        188                                14-JUN-05                            
        189                                13-AUG-05                            
        190                                11-JUL-06                            
        191                                19-DEC-07                            
        192                                04-FEB-04                            
        193                                03-MAR-05                            

EMPLOYEE_ID DEPARTMENT_NAME                HIRE_DATE                            
----------- ------------------------------ ---------                            
        194                                01-JUL-06                            
        195                                17-MAR-07                            
        196                                24-APR-06                            
        197                                23-MAY-06                            
        198                                21-JUN-07                            
        199                                13-JAN-08                            
        200                                17-SEP-03                            
        201                                17-FEB-04                            
        202                                17-AUG-05                            
        203                                07-JUN-02                            
        204                                07-JUN-02                            

EMPLOYEE_ID DEPARTMENT_NAME                HIRE_DATE                            
----------- ------------------------------ ---------                            
        205                                07-JUN-02                            
        206                                07-JUN-02                            

134 rows selected.

HR@orcl> SELECT employee_id, job_id, salary
  2  FROM emloyees
  3  UNION
  4  SELECT employee_id, job_id, 0
  5  FROM job_history;
FROM emloyees
     *
ERROR at line 2:
ORA-00942: table or view does not exist 


HR@orcl> ed
Wrote file afiedt.buf

  1  SELECT employee_id, job_id, salary
  2  FROM employees
  3  UNION
  4  SELECT employee_id, job_id, 0
  5* FROM job_history
HR@orcl> /

EMPLOYEE_ID JOB_ID         SALARY                                               
----------- ---------- ----------                                               
        100 AD_PRES         24000                                               
        101 AC_ACCOUNT          0                                               
        101 AC_MGR              0                                               
        101 AD_VP           17000                                               
        102 AD_VP           17000                                               
        102 IT_PROG             0                                               
        103 IT_PROG          9000                                               
        104 IT_PROG          6000                                               
        105 IT_PROG          4800                                               
        106 IT_PROG          4800                                               
        107 IT_PROG          4200                                               

EMPLOYEE_ID JOB_ID         SALARY                                               
----------- ---------- ----------                                               
        108 FI_MGR          12008                                               
        109 FI_ACCOUNT       9000                                               
        110 FI_ACCOUNT       8200                                               
        111 FI_ACCOUNT       7700                                               
        112 FI_ACCOUNT       7800                                               
        113 FI_ACCOUNT       6900                                               
        114 PU_MAN          11000                                               
        114 ST_CLERK            0                                               
        115 PU_CLERK         3100                                               
        116 PU_CLERK         2900                                               
        117 PU_CLERK         2800                                               

EMPLOYEE_ID JOB_ID         SALARY                                               
----------- ---------- ----------                                               
        118 PU_CLERK         2600                                               
        119 PU_CLERK         2500                                               
        120 ST_MAN           8000                                               
        121 ST_MAN           8200                                               
        122 ST_CLERK            0                                               
        122 ST_MAN           7900                                               
        123 ST_MAN           6500                                               
        124 ST_MAN           5800                                               
        125 ST_CLERK         3200                                               
        126 ST_CLERK         2700                                               
        127 ST_CLERK         2400                                               

EMPLOYEE_ID JOB_ID         SALARY                                               
----------- ---------- ----------                                               
        128 ST_CLERK         2200                                               
        129 ST_CLERK         3300                                               
        130 ST_CLERK         2800                                               
        131 ST_CLERK         2500                                               
        132 ST_CLERK         2100                                               
        133 ST_CLERK         3300                                               
        134 ST_CLERK         2900                                               
        135 ST_CLERK         2400                                               
        136 ST_CLERK         2200                                               
        137 ST_CLERK         3600                                               
        138 ST_CLERK         3200                                               

EMPLOYEE_ID JOB_ID         SALARY                                               
----------- ---------- ----------                                               
        139 ST_CLERK         2700                                               
        140 ST_CLERK         2500                                               
        141 ST_CLERK         3500                                               
        142 ST_CLERK         3100                                               
        143 ST_CLERK         2600                                               
        144 ST_CLERK         2500                                               
        145 SA_MAN          14000                                               
        146 SA_MAN          13500                                               
        147 SA_MAN          12000                                               
        148 SA_MAN          11000                                               
        149 SA_MAN          10500                                               

EMPLOYEE_ID JOB_ID         SALARY                                               
----------- ---------- ----------                                               
        150 SA_REP          10000                                               
        151 SA_REP           9500                                               
        152 SA_REP           9000                                               
        153 SA_REP           8000                                               
        154 SA_REP           7500                                               
        155 SA_REP           7000                                               
        156 SA_REP          10000                                               
        157 SA_REP           9500                                               
        158 SA_REP           9000                                               
        159 SA_REP           8000                                               
        160 SA_REP           7500                                               

EMPLOYEE_ID JOB_ID         SALARY                                               
----------- ---------- ----------                                               
        161 SA_REP           7000                                               
        162 SA_REP          10500                                               
        163 SA_REP           9500                                               
        164 SA_REP           7200                                               
        165 SA_REP           6800                                               
        166 SA_REP           6400                                               
        167 SA_REP           6200                                               
        168 SA_REP          11500                                               
        169 SA_REP          10000                                               
        170 SA_REP           9600                                               
        171 SA_REP           7400                                               

EMPLOYEE_ID JOB_ID         SALARY                                               
----------- ---------- ----------                                               
        172 SA_REP           7300                                               
        173 SA_REP           6100                                               
        174 SA_REP          11000                                               
        175 SA_REP           8800                                               
        176 SA_MAN              0                                               
        176 SA_REP              0                                               
        176 SA_REP           8600                                               
        177 SA_REP           8400                                               
        178 SA_REP           7000                                               
        179 SA_REP           6200                                               
        180 SH_CLERK         3200                                               

EMPLOYEE_ID JOB_ID         SALARY                                               
----------- ---------- ----------                                               
        181 SH_CLERK         3100                                               
        182 SH_CLERK         2500                                               
        183 SH_CLERK         2800                                               
        184 SH_CLERK         4200                                               
        185 SH_CLERK         4100                                               
        186 SH_CLERK         3400                                               
        187 SH_CLERK         3000                                               
        188 SH_CLERK         3800                                               
        189 SH_CLERK         3600                                               
        190 SH_CLERK         2900                                               
        191 SH_CLERK         2500                                               

EMPLOYEE_ID JOB_ID         SALARY                                               
----------- ---------- ----------                                               
        192 SH_CLERK         4000                                               
        193 SH_CLERK         3900                                               
        194 SH_CLERK         3200                                               
        195 SH_CLERK         2800                                               
        196 SH_CLERK         3100                                               
        197 SH_CLERK         3000                                               
        198 SH_CLERK         2600                                               
        199 SH_CLERK         2600                                               
        200 AC_ACCOUNT          0                                               
        200 AD_ASST             0                                               
        200 AD_ASST          4400                                               

EMPLOYEE_ID JOB_ID         SALARY                                               
----------- ---------- ----------                                               
        201 MK_MAN          13000                                               
        201 MK_REP              0                                               
        202 MK_REP           6000                                               
        203 HR_REP           6500                                               
        204 PR_REP          10000                                               
        205 AC_MGR          12008                                               
        206 AC_ACCOUNT       8300                                               

117 rows selected.

HR@orcl> set sqlp "HR1> "
HR1> spool off
