HR@orcl> SELECT d.department_id deptno, d.department_name deptname,
  2             l.city
  3  FROM departments d JOIN locations l
  4  ON (d.location_id - l.location_id);
ON (d.location_id - l.location_id)
                                 *
ERROR at line 4:
ORA-00920: invalid relational operator 


HR@orcl> ed
Wrote file afiedt.buf

  1  SELECT d.department_id deptno, d.department_name deptname,
  2             l.city
  3  FROM departments d JOIN locations l
  4* ON (d.location_id = l.location_id)
HR@orcl> /

    DEPTNO DEPTNAME                       CITY                                  
---------- ------------------------------ ------------------------------        
        40 Deptname                       Oxford                                
        10 Administration                 Seattle                               
        20 Marketing                      Toronto                               
        50 Shipping                       South San Francisco                   
        60 IT                             Southlake                             
        80 Sales                          Oxford                                
        90 Executive                      Seattle                               
       110 Accounting                     Seattle                               
       190 Contracting                    Seattle                               
        70 Public Relations               Seattle                               

10 rows selected.

HR@orcl> ed
Wrote file afiedt.buf

  1  CREATE VIEW dept_list_vu
  2  AS
  3  SELECT d.department_id deptno, d.department_name deptname,
  4             l.city
  5  FROM departments d JOIN locations l
  6* ON (d.location_id = l.location_id)
HR@orcl> /

View created.

HR@orcl> SELECT * FROM dept_list_vu;

    DEPTNO DEPTNAME                       CITY                                  
---------- ------------------------------ ------------------------------        
        40 Deptname                       Oxford                                
        10 Administration                 Seattle                               
        20 Marketing                      Toronto                               
        50 Shipping                       South San Francisco                   
        60 IT                             Southlake                             
        80 Sales                          Oxford                                
        90 Executive                      Seattle                               
       110 Accounting                     Seattle                               
       190 Contracting                    Seattle                               
        70 Public Relations               Seattle                               

10 rows selected.

HR@orcl> GRANT SELECT ON hr.dept_list_vu TO public;

Grant succeeded.

HR@orcl> conn demo/demo
Connected.
DEMO@orcl> SELECT * FROM hr.dept_list_vu;

    DEPTNO DEPTNAME                       CITY                                  
---------- ------------------------------ ------------------------------        
        40 Deptname                       Oxford                                
        10 Administration                 Seattle                               
        20 Marketing                      Toronto                               
        50 Shipping                       South San Francisco                   
        60 IT                             Southlake                             
        80 Sales                          Oxford                                
        90 Executive                      Seattle                               
       110 Accounting                     Seattle                               
       190 Contracting                    Seattle                               
        70 Public Relations               Seattle                               

10 rows selected.

DEMO@orcl> conn hr/hr
Connected.
HR@orcl> select * from session_privs;

PRIVILEGE                                                                       
----------------------------------------                                        
CREATE SESSION                                                                  
UNLIMITED TABLESPACE                                                            
CREATE TABLE                                                                    
CREATE CLUSTER                                                                  
CREATE SYNONYM                                                                  
CREATE VIEW                                                                     
CREATE SEQUENCE                                                                 
CREATE PROCEDURE                                                                
CREATE TRIGGER                                                                  
CREATE TYPE                                                                     
CREATE OPERATOR                                                                 

PRIVILEGE                                                                       
----------------------------------------                                        
CREATE INDEXTYPE                                                                

12 rows selected.

HR@orcl> conn / as sysdba
Connected.
SYS@orcl> select * from session_privs;

PRIVILEGE                                                                       
----------------------------------------                                        
ALTER SYSTEM                                                                    
AUDIT SYSTEM                                                                    
CREATE SESSION                                                                  
ALTER SESSION                                                                   
RESTRICTED SESSION                                                              
CREATE TABLESPACE                                                               
ALTER TABLESPACE                                                                
MANAGE TABLESPACE                                                               
DROP TABLESPACE                                                                 
UNLIMITED TABLESPACE                                                            
CREATE USER                                                                     

PRIVILEGE                                                                       
----------------------------------------                                        
BECOME USER                                                                     
ALTER USER                                                                      
DROP USER                                                                       
CREATE ROLLBACK SEGMENT                                                         
ALTER ROLLBACK SEGMENT                                                          
DROP ROLLBACK SEGMENT                                                           
CREATE TABLE                                                                    
CREATE ANY TABLE                                                                
ALTER ANY TABLE                                                                 
BACKUP ANY TABLE                                                                
DROP ANY TABLE                                                                  

PRIVILEGE                                                                       
----------------------------------------                                        
LOCK ANY TABLE                                                                  
COMMENT ANY TABLE                                                               
SELECT ANY TABLE                                                                
INSERT ANY TABLE                                                                
UPDATE ANY TABLE                                                                
DELETE ANY TABLE                                                                
CREATE CLUSTER                                                                  
CREATE ANY CLUSTER                                                              
ALTER ANY CLUSTER                                                               
DROP ANY CLUSTER                                                                
CREATE ANY INDEX                                                                

PRIVILEGE                                                                       
----------------------------------------                                        
ALTER ANY INDEX                                                                 
DROP ANY INDEX                                                                  
CREATE SYNONYM                                                                  
CREATE ANY SYNONYM                                                              
DROP ANY SYNONYM                                                                
SYSDBA                                                                          
SYSOPER                                                                         
CREATE PUBLIC SYNONYM                                                           
DROP PUBLIC SYNONYM                                                             
CREATE VIEW                                                                     
CREATE ANY VIEW                                                                 

PRIVILEGE                                                                       
----------------------------------------                                        
DROP ANY VIEW                                                                   
CREATE SEQUENCE                                                                 
CREATE ANY SEQUENCE                                                             
ALTER ANY SEQUENCE                                                              
DROP ANY SEQUENCE                                                               
SELECT ANY SEQUENCE                                                             
CREATE DATABASE LINK                                                            
CREATE PUBLIC DATABASE LINK                                                     
DROP PUBLIC DATABASE LINK                                                       
CREATE ROLE                                                                     
DROP ANY ROLE                                                                   

PRIVILEGE                                                                       
----------------------------------------                                        
GRANT ANY ROLE                                                                  
ALTER ANY ROLE                                                                  
AUDIT ANY                                                                       
ALTER DATABASE                                                                  
FORCE TRANSACTION                                                               
FORCE ANY TRANSACTION                                                           
CREATE PROCEDURE                                                                
CREATE ANY PROCEDURE                                                            
ALTER ANY PROCEDURE                                                             
DROP ANY PROCEDURE                                                              
EXECUTE ANY PROCEDURE                                                           

PRIVILEGE                                                                       
----------------------------------------                                        
CREATE TRIGGER                                                                  
CREATE ANY TRIGGER                                                              
ALTER ANY TRIGGER                                                               
DROP ANY TRIGGER                                                                
CREATE PROFILE                                                                  
ALTER PROFILE                                                                   
DROP PROFILE                                                                    
ALTER RESOURCE COST                                                             
ANALYZE ANY                                                                     
GRANT ANY PRIVILEGE                                                             
CREATE MATERIALIZED VIEW                                                        

PRIVILEGE                                                                       
----------------------------------------                                        
CREATE ANY MATERIALIZED VIEW                                                    
ALTER ANY MATERIALIZED VIEW                                                     
DROP ANY MATERIALIZED VIEW                                                      
CREATE ANY DIRECTORY                                                            
DROP ANY DIRECTORY                                                              
CREATE TYPE                                                                     
CREATE ANY TYPE                                                                 
ALTER ANY TYPE                                                                  
DROP ANY TYPE                                                                   
EXECUTE ANY TYPE                                                                
UNDER ANY TYPE                                                                  

PRIVILEGE                                                                       
----------------------------------------                                        
CREATE LIBRARY                                                                  
CREATE ANY LIBRARY                                                              
ALTER ANY LIBRARY                                                               
DROP ANY LIBRARY                                                                
EXECUTE ANY LIBRARY                                                             
CREATE OPERATOR                                                                 
CREATE ANY OPERATOR                                                             
ALTER ANY OPERATOR                                                              
DROP ANY OPERATOR                                                               
EXECUTE ANY OPERATOR                                                            
CREATE INDEXTYPE                                                                

PRIVILEGE                                                                       
----------------------------------------                                        
CREATE ANY INDEXTYPE                                                            
ALTER ANY INDEXTYPE                                                             
DROP ANY INDEXTYPE                                                              
UNDER ANY VIEW                                                                  
QUERY REWRITE                                                                   
GLOBAL QUERY REWRITE                                                            
EXECUTE ANY INDEXTYPE                                                           
UNDER ANY TABLE                                                                 
CREATE DIMENSION                                                                
CREATE ANY DIMENSION                                                            
ALTER ANY DIMENSION                                                             

PRIVILEGE                                                                       
----------------------------------------                                        
DROP ANY DIMENSION                                                              
MANAGE ANY QUEUE                                                                
ENQUEUE ANY QUEUE                                                               
DEQUEUE ANY QUEUE                                                               
CREATE ANY CONTEXT                                                              
DROP ANY CONTEXT                                                                
CREATE ANY OUTLINE                                                              
ALTER ANY OUTLINE                                                               
DROP ANY OUTLINE                                                                
ADMINISTER RESOURCE MANAGER                                                     
ADMINISTER DATABASE TRIGGER                                                     

PRIVILEGE                                                                       
----------------------------------------                                        
MERGE ANY VIEW                                                                  
ON COMMIT REFRESH                                                               
EXEMPT ACCESS POLICY                                                            
RESUMABLE                                                                       
SELECT ANY DICTIONARY                                                           
DEBUG CONNECT SESSION                                                           
DEBUG ANY PROCEDURE                                                             
FLASHBACK ANY TABLE                                                             
GRANT ANY OBJECT PRIVILEGE                                                      
CREATE EVALUATION CONTEXT                                                       
CREATE ANY EVALUATION CONTEXT                                                   

PRIVILEGE                                                                       
----------------------------------------                                        
ALTER ANY EVALUATION CONTEXT                                                    
DROP ANY EVALUATION CONTEXT                                                     
EXECUTE ANY EVALUATION CONTEXT                                                  
CREATE RULE SET                                                                 
CREATE ANY RULE SET                                                             
ALTER ANY RULE SET                                                              
DROP ANY RULE SET                                                               
EXECUTE ANY RULE SET                                                            
EXPORT FULL DATABASE                                                            
IMPORT FULL DATABASE                                                            
CREATE RULE                                                                     

PRIVILEGE                                                                       
----------------------------------------                                        
CREATE ANY RULE                                                                 
ALTER ANY RULE                                                                  
DROP ANY RULE                                                                   
EXECUTE ANY RULE                                                                
ANALYZE ANY DICTIONARY                                                          
ADVISOR                                                                         
CREATE JOB                                                                      
CREATE ANY JOB                                                                  
EXECUTE ANY PROGRAM                                                             
EXECUTE ANY CLASS                                                               
MANAGE SCHEDULER                                                                

PRIVILEGE                                                                       
----------------------------------------                                        
SELECT ANY TRANSACTION                                                          
DROP ANY SQL PROFILE                                                            
ALTER ANY SQL PROFILE                                                           
ADMINISTER SQL TUNING SET                                                       
ADMINISTER ANY SQL TUNING SET                                                   
CREATE ANY SQL PROFILE                                                          
EXEMPT IDENTITY POLICY                                                          
MANAGE FILE GROUP                                                               
MANAGE ANY FILE GROUP                                                           
READ ANY FILE GROUP                                                             
CHANGE NOTIFICATION                                                             

PRIVILEGE                                                                       
----------------------------------------                                        
CREATE EXTERNAL JOB                                                             
CREATE ANY EDITION                                                              
DROP ANY EDITION                                                                
ALTER ANY EDITION                                                               
CREATE ASSEMBLY                                                                 
CREATE ANY ASSEMBLY                                                             
ALTER ANY ASSEMBLY                                                              
DROP ANY ASSEMBLY                                                               
EXECUTE ANY ASSEMBLY                                                            
EXECUTE ASSEMBLY                                                                
CREATE MINING MODEL                                                             

PRIVILEGE                                                                       
----------------------------------------                                        
CREATE ANY MINING MODEL                                                         
DROP ANY MINING MODEL                                                           
SELECT ANY MINING MODEL                                                         
ALTER ANY MINING MODEL                                                          
COMMENT ANY MINING MODEL                                                        
CREATE CUBE DIMENSION                                                           
ALTER ANY CUBE DIMENSION                                                        
CREATE ANY CUBE DIMENSION                                                       
DELETE ANY CUBE DIMENSION                                                       
DROP ANY CUBE DIMENSION                                                         
INSERT ANY CUBE DIMENSION                                                       

PRIVILEGE                                                                       
----------------------------------------                                        
SELECT ANY CUBE DIMENSION                                                       
CREATE CUBE                                                                     
ALTER ANY CUBE                                                                  
CREATE ANY CUBE                                                                 
DROP ANY CUBE                                                                   
SELECT ANY CUBE                                                                 
UPDATE ANY CUBE                                                                 
CREATE MEASURE FOLDER                                                           
CREATE ANY MEASURE FOLDER                                                       
DELETE ANY MEASURE FOLDER                                                       
DROP ANY MEASURE FOLDER                                                         

PRIVILEGE                                                                       
----------------------------------------                                        
INSERT ANY MEASURE FOLDER                                                       
CREATE CUBE BUILD PROCESS                                                       
CREATE ANY CUBE BUILD PROCESS                                                   
DROP ANY CUBE BUILD PROCESS                                                     
UPDATE ANY CUBE BUILD PROCESS                                                   
UPDATE ANY CUBE DIMENSION                                                       
ADMINISTER SQL MANAGEMENT OBJECT                                                
ALTER PUBLIC DATABASE LINK                                                      
ALTER DATABASE LINK                                                             
FLASHBACK ARCHIVE ADMINISTER                                                    

208 rows selected.

SYS@orcl> CREATE public synonym d for hr.dept_list_vu;

Synonym created.

SYS@orcl> conn demo/demo
Connected.
DEMO@orcl> select * from d;

    DEPTNO DEPTNAME                       CITY                                  
---------- ------------------------------ ------------------------------        
        40 Deptname                       Oxford                                
        10 Administration                 Seattle                               
        20 Marketing                      Toronto                               
        50 Shipping                       South San Francisco                   
        60 IT                             Southlake                             
        80 Sales                          Oxford                                
        90 Executive                      Seattle                               
       110 Accounting                     Seattle                               
       190 Contracting                    Seattle                               
        70 Public Relations               Seattle                               

10 rows selected.

DEMO@orcl> conn insa/insa
Connected.
INSA@orcl> /

    DEPTNO DEPTNAME                       CITY                                  
---------- ------------------------------ ------------------------------        
        40 Deptname                       Oxford                                
        10 Administration                 Seattle                               
        20 Marketing                      Toronto                               
        50 Shipping                       South San Francisco                   
        60 IT                             Southlake                             
        80 Sales                          Oxford                                
        90 Executive                      Seattle                               
       110 Accounting                     Seattle                               
       190 Contracting                    Seattle                               
        70 Public Relations               Seattle                               

10 rows selected.

INSA@orcl> conn hr/hr
Connected.
HR@orcl> /

    DEPTNO DEPTNAME                       CITY                                  
---------- ------------------------------ ------------------------------        
        40 Deptname                       Oxford                                
        10 Administration                 Seattle                               
        20 Marketing                      Toronto                               
        50 Shipping                       South San Francisco                   
        60 IT                             Southlake                             
        80 Sales                          Oxford                                
        90 Executive                      Seattle                               
       110 Accounting                     Seattle                               
       190 Contracting                    Seattle                               
        70 Public Relations               Seattle                               

10 rows selected.

HR@orcl> conn / as sysdba
Connected.
SYS@orcl> col object_name for a20
SYS@orcl> SELECT object_name, object_type, owner
  2  FROM dba_objects
  3  WHERE object_name = 'DUAL';

OBJECT_NAME          OBJECT_TYPE         OWNER                                  
-------------------- ------------------- ------------------------------         
DUAL                 TABLE               SYS                                    
DUAL                 SYNONYM             PUBLIC                                 

SYS@orcl> spool off
